<?xml version="1.0" encoding="UTF-8"?>
<!-- Generated by org.testng.reporters.JUnitReportReporter -->
<testsuite hostname="LTLT000231" failures="0" tests="2" name="org.E2E.test.ValidatePageTitle" time="34.997" errors="0" timestamp="2022-02-11T09:56:43 EET" skipped="0">
  <testcase classname="org.E2E.test.ValidatePageTitle" name="quickTest" time="22.471"/>
  <system-out/>
  <testcase classname="org.E2E.test.ValidatePageTitle" name="quickTest" time="12.526"/>
  <system-out/>
</testsuite> <!-- org.E2E.test.ValidatePageTitle -->
