<?xml version="1.0" encoding="UTF-8"?>
<!-- Generated by org.testng.reporters.JUnitReportReporter -->
<testsuite hostname="LTLT000231" failures="0" tests="1" name="org.E2E.test.ValidateFeaturedTextHomePage" time="18.444" errors="0" timestamp="2022-02-11T09:56:43 EET" skipped="0">
  <testcase classname="org.E2E.test.ValidateFeaturedTextHomePage" name="testText" time="18.444"/>
  <system-out/>
</testsuite> <!-- org.E2E.test.ValidateFeaturedTextHomePage -->
